-------------------------------------------------------------------------------
Test set: starWarsRunner
-------------------------------------------------------------------------------
Tests run: 1, Failures: 0, Errors: 1, Skipped: 0, Time elapsed: 0 s <<< FAILURE! - in starWarsRunner
testUsers  Time elapsed: 0 s  <<< ERROR!
java.lang.RuntimeException: not found: /starWars.feature

