<?xml version="1.0" encoding="UTF-8"?>
<testsuite xmlns:xsi="http://www.w3.org/2001/XMLSchema-instance" xsi:noNamespaceSchemaLocation="https://maven.apache.org/surefire/maven-surefire-plugin/xsd/surefire-test-report.xsd" name="Prova.goRestRunner" time="0.438" tests="1" errors="1" skipped="0" failures="0">
  <properties>
[...]
</properties>
  <testcase name="testUsers" classname="Prova.goRestRunner" time="0.437">
    <error message="extraneous input &apos;\r\n\r\n    Examples:&apos; expecting {&lt;EOF&gt;, SCENARIO, SCENARIO_OUTLINE, TAGS, NEWLINE}" type="java.lang.RuntimeException"><![CDATA[java.lang.RuntimeException: extraneous input '\r\n\r\n    Examples:' expecting {<EOF>, SCENARIO, SCENARIO_OUTLINE, TAGS, NEWLINE}
]]></error>
    <system-out><![CDATA[13:40:07.991 [main] ERROR com.intuit.karate.core.FeatureParser - not a valid feature file: Prova/goRest.feature - extraneous input '\r\n\r\n    Examples:' expecting {<EOF>, SCENARIO, SCENARIO_OUTLINE, TAGS, NEWLINE}
]]></system-out>
    <system-err><![CDATA[line 73:19 extraneous input '\r\n\r\n    Examples:' expecting {<EOF>, SCENARIO, SCENARIO_OUTLINE, TAGS, NEWLINE}
]]></system-err>
  </testcase>
</testsuite>